0 info it worked if it ends with ok
1 verbose cli [
1 verbose cli   'C:\\Program Files\\nodejs\\node.exe',
1 verbose cli   'C:\\Program Files\\Git\\usr\\local\\node_modules\\npm\\bin\\npm-cli.js',
1 verbose cli   'install',
1 verbose cli   '--global',
1 verbose cli   'upgrade-node-modules'
1 verbose cli ]
2 info using npm@3.10.10
3 info using node@v12.19.0
4 silly loadCurrentTree Starting
5 silly install loadCurrentTree
6 silly install readGlobalPackageData
7 silly fetchPackageMetaData upgrade-node-modules
8 silly fetchNamedPackageData upgrade-node-modules
9 silly mapToRegistry name upgrade-node-modules
10 silly mapToRegistry using default registry
11 silly mapToRegistry registry https://registry.npmjs.org/
12 silly mapToRegistry data Result {
12 silly mapToRegistry   raw: 'upgrade-node-modules',
12 silly mapToRegistry   scope: null,
12 silly mapToRegistry   escapedName: 'upgrade-node-modules',
12 silly mapToRegistry   name: 'upgrade-node-modules',
12 silly mapToRegistry   rawSpec: '',
12 silly mapToRegistry   spec: 'latest',
12 silly mapToRegistry   type: 'tag'
12 silly mapToRegistry }
13 silly mapToRegistry uri https://registry.npmjs.org/upgrade-node-modules
14 verbose request uri https://registry.npmjs.org/upgrade-node-modules
15 verbose request no auth needed
16 info attempt registry request try #1 at 12:36:05 PM
17 verbose request id 07834a59e12dbe15
18 http request GET https://registry.npmjs.org/upgrade-node-modules
19 http 200 https://registry.npmjs.org/upgrade-node-modules
20 verbose headers {
20 verbose headers   date: 'Fri, 09 Oct 2020 04:36:05 GMT',
20 verbose headers   'content-type': 'application/json',
20 verbose headers   'transfer-encoding': 'chunked',
20 verbose headers   connection: 'keep-alive',
20 verbose headers   'set-cookie': [
20 verbose headers     '__cfduid=d502958c6ad51921a14229176321961cf1602218164; expires=Sun, 08-Nov-20 04:36:04 GMT; path=/; domain=.npmjs.org; HttpOnly; SameSite=Lax'
20 verbose headers   ],
20 verbose headers   'cf-ray': '5df566063b2401d9-SIN',
20 verbose headers   'cache-control': 'public, max-age=300',
20 verbose headers   etag: 'W/"8b21f0b0501371a95ed9a5a2307c94a5"',
20 verbose headers   'last-modified': 'Wed, 20 May 2020 18:16:59 GMT',
20 verbose headers   vary: 'accept-encoding, accept',
20 verbose headers   'cf-cache-status': 'MISS',
20 verbose headers   'cf-request-id': '05ad3e17e1000001d99507a200000001',
20 verbose headers   'expect-ct': 'max-age=604800, report-uri="https://report-uri.cloudflare.com/cdn-cgi/beacon/expect-ct"',
20 verbose headers   server: 'cloudflare',
20 verbose headers   'content-encoding': 'gzip'
20 verbose headers }
21 silly get cb [
21 silly get   200,
21 silly get   {
21 silly get     date: 'Fri, 09 Oct 2020 04:36:05 GMT',
21 silly get     'content-type': 'application/json',
21 silly get     'transfer-encoding': 'chunked',
21 silly get     connection: 'keep-alive',
21 silly get     'set-cookie': [
21 silly get       '__cfduid=d502958c6ad51921a14229176321961cf1602218164; expires=Sun, 08-Nov-20 04:36:04 GMT; path=/; domain=.npmjs.org; HttpOnly; SameSite=Lax'
21 silly get     ],
21 silly get     'cf-ray': '5df566063b2401d9-SIN',
21 silly get     'cache-control': 'public, max-age=300',
21 silly get     etag: 'W/"8b21f0b0501371a95ed9a5a2307c94a5"',
21 silly get     'last-modified': 'Wed, 20 May 2020 18:16:59 GMT',
21 silly get     vary: 'accept-encoding, accept',
21 silly get     'cf-cache-status': 'MISS',
21 silly get     'cf-request-id': '05ad3e17e1000001d99507a200000001',
21 silly get     'expect-ct': 'max-age=604800, report-uri="https://report-uri.cloudflare.com/cdn-cgi/beacon/expect-ct"',
21 silly get     server: 'cloudflare',
21 silly get     'content-encoding': 'gzip'
21 silly get   }
21 silly get ]
22 verbose get saving upgrade-node-modules to C:\Users\Gung Ari\AppData\Roaming\npm-cache\registry.npmjs.org\upgrade-node-modules\.cache.json
23 verbose correctMkdir C:\Users\Gung Ari\AppData\Roaming\npm-cache correctMkdir not in flight; initializing
24 verbose makeDirectory C:\Users\Gung Ari\AppData\Roaming\npm-cache creation not in flight; initializing
25 verbose makeCacheDir UID & GID are irrelevant on win32
26 verbose stack TypeError: cb.apply is not a function
26 verbose stack     at C:\Program Files\Git\usr\local\node_modules\npm\node_modules\graceful-fs\polyfills.js:267:18
26 verbose stack     at FSReqCallback.oncomplete (fs.js:169:5)
27 verbose cwd C:\DTS\pengenalan-file
28 error Windows_NT 10.0.18362
29 error argv "C:\\Program Files\\nodejs\\node.exe" "C:\\Program Files\\Git\\usr\\local\\node_modules\\npm\\bin\\npm-cli.js" "install" "--global" "upgrade-node-modules"
30 error node v12.19.0
31 error npm  v3.10.10
32 error cb.apply is not a function
33 error If you need help, you may report this error at:
33 error     <https://github.com/npm/npm/issues>
34 verbose exit [ 1, true ]
