0 info it worked if it ends with ok
1 verbose cli [
1 verbose cli   'C:\\Program Files\\nodejs\\node.exe',
1 verbose cli   'C:\\Program Files\\Git\\usr\\local\\node_modules\\npm\\bin\\npm-cli.js',
1 verbose cli   'update',
1 verbose cli   '-g'
1 verbose cli ]
2 info using npm@3.10.10
3 info using node@v12.18.4
4 verbose stack TypeError: cb.apply is not a function
4 verbose stack     at C:\Program Files\Git\usr\local\node_modules\npm\node_modules\graceful-fs\polyfills.js:267:18
4 verbose stack     at FSReqCallback.oncomplete (fs.js:169:5)
5 verbose cwd C:\DTS\pengenalan-npm
6 error Windows_NT 10.0.18362
7 error argv "C:\\Program Files\\nodejs\\node.exe" "C:\\Program Files\\Git\\usr\\local\\node_modules\\npm\\bin\\npm-cli.js" "update" "-g"
8 error node v12.18.4
9 error npm  v3.10.10
10 error cb.apply is not a function
11 error If you need help, you may report this error at:
11 error     <https://github.com/npm/npm/issues>
12 verbose exit [ 1, true ]
